<?xml version="1.0" encoding="UTF-8"?>
<testsuite xmlns:xsi="http://www.w3.org/2001/XMLSchema-instance" xsi:noNamespaceSchemaLocation="https://maven.apache.org/surefire/maven-surefire-plugin/xsd/surefire-test-report-3.0.xsd" version="3.0" name="TestSuite" time="11.088" tests="2" errors="0" skipped="0" failures="0">
  <properties>
    <property name="gopherProxySet" value="false"/>
    <property name="awt.toolkit" value="sun.lwawt.macosx.LWCToolkit"/>
    <property name="file.encoding.pkg" value="sun.io"/>
    <property name="java.specification.version" value="1.8"/>
    <property name="sun.cpu.isalist" value=""/>
    <property name="sun.jnu.encoding" value="UTF-8"/>
    <property name="java.class.path" value="/Users/mehedizaman/Documents/GitHub/TestWebAutomation2022/target/test-classes:/Users/mehedizaman/Documents/GitHub/TestWebAutomation2022/target/classes:/Users/mehedizaman/.m2/repository/org/testng/testng/6.14.3/testng-6.14.3.jar:/Users/mehedizaman/.m2/repository/com/beust/jcommander/1.72/jcommander-1.72.jar:/Users/mehedizaman/.m2/repository/org/apache-extras/beanshell/bsh/2.0b6/bsh-2.0b6.jar:/Users/mehedizaman/.m2/repository/org/seleniumhq/selenium/selenium-java/3.141.59/selenium-java-3.141.59.jar:/Users/mehedizaman/.m2/repository/org/seleniumhq/selenium/selenium-api/3.141.59/selenium-api-3.141.59.jar:/Users/mehedizaman/.m2/repository/org/seleniumhq/selenium/selenium-chrome-driver/3.141.59/selenium-chrome-driver-3.141.59.jar:/Users/mehedizaman/.m2/repository/org/seleniumhq/selenium/selenium-edge-driver/3.141.59/selenium-edge-driver-3.141.59.jar:/Users/mehedizaman/.m2/repository/org/seleniumhq/selenium/selenium-firefox-driver/3.141.59/selenium-firefox-driver-3.141.59.jar:/Users/mehedizaman/.m2/repository/org/seleniumhq/selenium/selenium-ie-driver/3.141.59/selenium-ie-driver-3.141.59.jar:/Users/mehedizaman/.m2/repository/org/seleniumhq/selenium/selenium-opera-driver/3.141.59/selenium-opera-driver-3.141.59.jar:/Users/mehedizaman/.m2/repository/org/seleniumhq/selenium/selenium-remote-driver/3.141.59/selenium-remote-driver-3.141.59.jar:/Users/mehedizaman/.m2/repository/org/seleniumhq/selenium/selenium-safari-driver/3.141.59/selenium-safari-driver-3.141.59.jar:/Users/mehedizaman/.m2/repository/org/seleniumhq/selenium/selenium-support/3.141.59/selenium-support-3.141.59.jar:/Users/mehedizaman/.m2/repository/net/bytebuddy/byte-buddy/1.8.15/byte-buddy-1.8.15.jar:/Users/mehedizaman/.m2/repository/org/apache/commons/commons-exec/1.3/commons-exec-1.3.jar:/Users/mehedizaman/.m2/repository/com/google/guava/guava/25.0-jre/guava-25.0-jre.jar:/Users/mehedizaman/.m2/repository/com/google/code/findbugs/jsr305/1.3.9/jsr305-1.3.9.jar:/Users/mehedizaman/.m2/repository/org/checkerframework/checker-compat-qual/2.0.0/checker-compat-qual-2.0.0.jar:/Users/mehedizaman/.m2/repository/com/google/errorprone/error_prone_annotations/2.1.3/error_prone_annotations-2.1.3.jar:/Users/mehedizaman/.m2/repository/com/google/j2objc/j2objc-annotations/1.1/j2objc-annotations-1.1.jar:/Users/mehedizaman/.m2/repository/org/codehaus/mojo/animal-sniffer-annotations/1.14/animal-sniffer-annotations-1.14.jar:/Users/mehedizaman/.m2/repository/com/squareup/okhttp3/okhttp/3.11.0/okhttp-3.11.0.jar:/Users/mehedizaman/.m2/repository/com/squareup/okio/okio/1.14.0/okio-1.14.0.jar:/Users/mehedizaman/.m2/repository/io/github/bonigarcia/webdrivermanager/3.7.0/webdrivermanager-3.7.0.jar:/Users/mehedizaman/.m2/repository/commons-io/commons-io/2.6/commons-io-2.6.jar:/Users/mehedizaman/.m2/repository/com/google/code/gson/gson/2.8.5/gson-2.8.5.jar:/Users/mehedizaman/.m2/repository/org/apache/httpcomponents/httpclient/4.5.6/httpclient-4.5.6.jar:/Users/mehedizaman/.m2/repository/org/apache/httpcomponents/httpcore/4.4.10/httpcore-4.4.10.jar:/Users/mehedizaman/.m2/repository/commons-logging/commons-logging/1.2/commons-logging-1.2.jar:/Users/mehedizaman/.m2/repository/commons-codec/commons-codec/1.10/commons-codec-1.10.jar:/Users/mehedizaman/.m2/repository/org/rauschig/jarchivelib/1.0.0/jarchivelib-1.0.0.jar:/Users/mehedizaman/.m2/repository/org/apache/commons/commons-compress/1.18/commons-compress-1.18.jar:/Users/mehedizaman/.m2/repository/org/jsoup/jsoup/1.11.3/jsoup-1.11.3.jar:/Users/mehedizaman/.m2/repository/org/apache/commons/commons-lang3/3.9/commons-lang3-3.9.jar:/Users/mehedizaman/.m2/repository/org/slf4j/slf4j-api/1.7.35/slf4j-api-1.7.35.jar:/Users/mehedizaman/.m2/repository/org/slf4j/slf4j-simple/1.7.30/slf4j-simple-1.7.30.jar:/Users/mehedizaman/.m2/repository/org/apache/maven/plugins/maven-compiler-plugin/3.6.0/maven-compiler-plugin-3.6.0.jar:/Users/mehedizaman/.m2/repository/org/apache/maven/maven-plugin-api/3.0/maven-plugin-api-3.0.jar:/Users/mehedizaman/.m2/repository/org/apache/maven/maven-model/3.0/maven-model-3.0.jar:/Users/mehedizaman/.m2/repository/org/sonatype/sisu/sisu-inject-plexus/1.4.2/sisu-inject-plexus-1.4.2.jar:/Users/mehedizaman/.m2/repository/org/sonatype/sisu/sisu-inject-bean/1.4.2/sisu-inject-bean-1.4.2.jar:/Users/mehedizaman/.m2/repository/org/sonatype/sisu/sisu-guice/2.1.7/sisu-guice-2.1.7-noaop.jar:/Users/mehedizaman/.m2/repository/org/apache/maven/maven-artifact/3.0/maven-artifact-3.0.jar:/Users/mehedizaman/.m2/repository/org/codehaus/plexus/plexus-utils/2.0.4/plexus-utils-2.0.4.jar:/Users/mehedizaman/.m2/repository/org/apache/maven/maven-core/3.0/maven-core-3.0.jar:/Users/mehedizaman/.m2/repository/org/apache/maven/maven-settings/3.0/maven-settings-3.0.jar:/Users/mehedizaman/.m2/repository/org/apache/maven/maven-settings-builder/3.0/maven-settings-builder-3.0.jar:/Users/mehedizaman/.m2/repository/org/apache/maven/maven-repository-metadata/3.0/maven-repository-metadata-3.0.jar:/Users/mehedizaman/.m2/repository/org/apache/maven/maven-model-builder/3.0/maven-model-builder-3.0.jar:/Users/mehedizaman/.m2/repository/org/apache/maven/maven-aether-provider/3.0/maven-aether-provider-3.0.jar:/Users/mehedizaman/.m2/repository/org/sonatype/aether/aether-impl/1.7/aether-impl-1.7.jar:/Users/mehedizaman/.m2/repository/org/sonatype/aether/aether-spi/1.7/aether-spi-1.7.jar:/Users/mehedizaman/.m2/repository/org/sonatype/aether/aether-api/1.7/aether-api-1.7.jar:/Users/mehedizaman/.m2/repository/org/sonatype/aether/aether-util/1.7/aether-util-1.7.jar:/Users/mehedizaman/.m2/repository/org/codehaus/plexus/plexus-interpolation/1.14/plexus-interpolation-1.14.jar:/Users/mehedizaman/.m2/repository/org/codehaus/plexus/plexus-classworlds/2.2.3/plexus-classworlds-2.2.3.jar:/Users/mehedizaman/.m2/repository/org/codehaus/plexus/plexus-component-annotations/1.5.5/plexus-component-annotations-1.5.5.jar:/Users/mehedizaman/.m2/repository/org/sonatype/plexus/plexus-sec-dispatcher/1.3/plexus-sec-dispatcher-1.3.jar:/Users/mehedizaman/.m2/repository/org/sonatype/plexus/plexus-cipher/1.4/plexus-cipher-1.4.jar:/Users/mehedizaman/.m2/repository/org/apache/maven/shared/maven-shared-utils/3.1.0/maven-shared-utils-3.1.0.jar:/Users/mehedizaman/.m2/repository/org/apache/maven/shared/maven-shared-incremental/1.1/maven-shared-incremental-1.1.jar:/Users/mehedizaman/.m2/repository/org/ow2/asm/asm/6.0_ALPHA/asm-6.0_ALPHA.jar:/Users/mehedizaman/.m2/repository/org/codehaus/plexus/plexus-compiler-api/2.8.1/plexus-compiler-api-2.8.1.jar:/Users/mehedizaman/.m2/repository/org/codehaus/plexus/plexus-compiler-manager/2.8.1/plexus-compiler-manager-2.8.1.jar:/Users/mehedizaman/.m2/repository/org/codehaus/plexus/plexus-compiler-javac/2.8.1/plexus-compiler-javac-2.8.1.jar:"/>
    <property name="java.vm.vendor" value="Azul Systems, Inc."/>
    <property name="sun.arch.data.model" value="64"/>
    <property name="java.vendor.url" value="http://www.azulsystems.com/"/>
    <property name="user.timezone" value="Asia/Dhaka"/>
    <property name="user.country.format" value="BD"/>
    <property name="java.vm.specification.version" value="1.8"/>
    <property name="os.name" value="Mac OS X"/>
    <property name="user.country" value="GB"/>
    <property name="sun.java.launcher" value="SUN_STANDARD"/>
    <property name="sun.boot.library.path" value="/Library/Java/JavaVirtualMachines/zulu-8.jdk/Contents/Home/jre/lib"/>
    <property name="sun.java.command" value="/Users/mehedizaman/Documents/GitHub/TestWebAutomation2022/target/surefire/surefirebooter7062062768497201457.jar /Users/mehedizaman/Documents/GitHub/TestWebAutomation2022/target/surefire 2022-03-06T00-12-58_149-jvmRun1 surefire658205212713657417tmp surefire_08240655065403493762tmp"/>
    <property name="http.nonProxyHosts" value="local|*.local|169.254/16|*.169.254/16"/>
    <property name="surefire.test.class.path" value="/Users/mehedizaman/Documents/GitHub/TestWebAutomation2022/target/test-classes:/Users/mehedizaman/Documents/GitHub/TestWebAutomation2022/target/classes:/Users/mehedizaman/.m2/repository/org/testng/testng/6.14.3/testng-6.14.3.jar:/Users/mehedizaman/.m2/repository/com/beust/jcommander/1.72/jcommander-1.72.jar:/Users/mehedizaman/.m2/repository/org/apache-extras/beanshell/bsh/2.0b6/bsh-2.0b6.jar:/Users/mehedizaman/.m2/repository/org/seleniumhq/selenium/selenium-java/3.141.59/selenium-java-3.141.59.jar:/Users/mehedizaman/.m2/repository/org/seleniumhq/selenium/selenium-api/3.141.59/selenium-api-3.141.59.jar:/Users/mehedizaman/.m2/repository/org/seleniumhq/selenium/selenium-chrome-driver/3.141.59/selenium-chrome-driver-3.141.59.jar:/Users/mehedizaman/.m2/repository/org/seleniumhq/selenium/selenium-edge-driver/3.141.59/selenium-edge-driver-3.141.59.jar:/Users/mehedizaman/.m2/repository/org/seleniumhq/selenium/selenium-firefox-driver/3.141.59/selenium-firefox-driver-3.141.59.jar:/Users/mehedizaman/.m2/repository/org/seleniumhq/selenium/selenium-ie-driver/3.141.59/selenium-ie-driver-3.141.59.jar:/Users/mehedizaman/.m2/repository/org/seleniumhq/selenium/selenium-opera-driver/3.141.59/selenium-opera-driver-3.141.59.jar:/Users/mehedizaman/.m2/repository/org/seleniumhq/selenium/selenium-remote-driver/3.141.59/selenium-remote-driver-3.141.59.jar:/Users/mehedizaman/.m2/repository/org/seleniumhq/selenium/selenium-safari-driver/3.141.59/selenium-safari-driver-3.141.59.jar:/Users/mehedizaman/.m2/repository/org/seleniumhq/selenium/selenium-support/3.141.59/selenium-support-3.141.59.jar:/Users/mehedizaman/.m2/repository/net/bytebuddy/byte-buddy/1.8.15/byte-buddy-1.8.15.jar:/Users/mehedizaman/.m2/repository/org/apache/commons/commons-exec/1.3/commons-exec-1.3.jar:/Users/mehedizaman/.m2/repository/com/google/guava/guava/25.0-jre/guava-25.0-jre.jar:/Users/mehedizaman/.m2/repository/com/google/code/findbugs/jsr305/1.3.9/jsr305-1.3.9.jar:/Users/mehedizaman/.m2/repository/org/checkerframework/checker-compat-qual/2.0.0/checker-compat-qual-2.0.0.jar:/Users/mehedizaman/.m2/repository/com/google/errorprone/error_prone_annotations/2.1.3/error_prone_annotations-2.1.3.jar:/Users/mehedizaman/.m2/repository/com/google/j2objc/j2objc-annotations/1.1/j2objc-annotations-1.1.jar:/Users/mehedizaman/.m2/repository/org/codehaus/mojo/animal-sniffer-annotations/1.14/animal-sniffer-annotations-1.14.jar:/Users/mehedizaman/.m2/repository/com/squareup/okhttp3/okhttp/3.11.0/okhttp-3.11.0.jar:/Users/mehedizaman/.m2/repository/com/squareup/okio/okio/1.14.0/okio-1.14.0.jar:/Users/mehedizaman/.m2/repository/io/github/bonigarcia/webdrivermanager/3.7.0/webdrivermanager-3.7.0.jar:/Users/mehedizaman/.m2/repository/commons-io/commons-io/2.6/commons-io-2.6.jar:/Users/mehedizaman/.m2/repository/com/google/code/gson/gson/2.8.5/gson-2.8.5.jar:/Users/mehedizaman/.m2/repository/org/apache/httpcomponents/httpclient/4.5.6/httpclient-4.5.6.jar:/Users/mehedizaman/.m2/repository/org/apache/httpcomponents/httpcore/4.4.10/httpcore-4.4.10.jar:/Users/mehedizaman/.m2/repository/commons-logging/commons-logging/1.2/commons-logging-1.2.jar:/Users/mehedizaman/.m2/repository/commons-codec/commons-codec/1.10/commons-codec-1.10.jar:/Users/mehedizaman/.m2/repository/org/rauschig/jarchivelib/1.0.0/jarchivelib-1.0.0.jar:/Users/mehedizaman/.m2/repository/org/apache/commons/commons-compress/1.18/commons-compress-1.18.jar:/Users/mehedizaman/.m2/repository/org/jsoup/jsoup/1.11.3/jsoup-1.11.3.jar:/Users/mehedizaman/.m2/repository/org/apache/commons/commons-lang3/3.9/commons-lang3-3.9.jar:/Users/mehedizaman/.m2/repository/org/slf4j/slf4j-api/1.7.35/slf4j-api-1.7.35.jar:/Users/mehedizaman/.m2/repository/org/slf4j/slf4j-simple/1.7.30/slf4j-simple-1.7.30.jar:/Users/mehedizaman/.m2/repository/org/apache/maven/plugins/maven-compiler-plugin/3.6.0/maven-compiler-plugin-3.6.0.jar:/Users/mehedizaman/.m2/repository/org/apache/maven/maven-plugin-api/3.0/maven-plugin-api-3.0.jar:/Users/mehedizaman/.m2/repository/org/apache/maven/maven-model/3.0/maven-model-3.0.jar:/Users/mehedizaman/.m2/repository/org/sonatype/sisu/sisu-inject-plexus/1.4.2/sisu-inject-plexus-1.4.2.jar:/Users/mehedizaman/.m2/repository/org/sonatype/sisu/sisu-inject-bean/1.4.2/sisu-inject-bean-1.4.2.jar:/Users/mehedizaman/.m2/repository/org/sonatype/sisu/sisu-guice/2.1.7/sisu-guice-2.1.7-noaop.jar:/Users/mehedizaman/.m2/repository/org/apache/maven/maven-artifact/3.0/maven-artifact-3.0.jar:/Users/mehedizaman/.m2/repository/org/codehaus/plexus/plexus-utils/2.0.4/plexus-utils-2.0.4.jar:/Users/mehedizaman/.m2/repository/org/apache/maven/maven-core/3.0/maven-core-3.0.jar:/Users/mehedizaman/.m2/repository/org/apache/maven/maven-settings/3.0/maven-settings-3.0.jar:/Users/mehedizaman/.m2/repository/org/apache/maven/maven-settings-builder/3.0/maven-settings-builder-3.0.jar:/Users/mehedizaman/.m2/repository/org/apache/maven/maven-repository-metadata/3.0/maven-repository-metadata-3.0.jar:/Users/mehedizaman/.m2/repository/org/apache/maven/maven-model-builder/3.0/maven-model-builder-3.0.jar:/Users/mehedizaman/.m2/repository/org/apache/maven/maven-aether-provider/3.0/maven-aether-provider-3.0.jar:/Users/mehedizaman/.m2/repository/org/sonatype/aether/aether-impl/1.7/aether-impl-1.7.jar:/Users/mehedizaman/.m2/repository/org/sonatype/aether/aether-spi/1.7/aether-spi-1.7.jar:/Users/mehedizaman/.m2/repository/org/sonatype/aether/aether-api/1.7/aether-api-1.7.jar:/Users/mehedizaman/.m2/repository/org/sonatype/aether/aether-util/1.7/aether-util-1.7.jar:/Users/mehedizaman/.m2/repository/org/codehaus/plexus/plexus-interpolation/1.14/plexus-interpolation-1.14.jar:/Users/mehedizaman/.m2/repository/org/codehaus/plexus/plexus-classworlds/2.2.3/plexus-classworlds-2.2.3.jar:/Users/mehedizaman/.m2/repository/org/codehaus/plexus/plexus-component-annotations/1.5.5/plexus-component-annotations-1.5.5.jar:/Users/mehedizaman/.m2/repository/org/sonatype/plexus/plexus-sec-dispatcher/1.3/plexus-sec-dispatcher-1.3.jar:/Users/mehedizaman/.m2/repository/org/sonatype/plexus/plexus-cipher/1.4/plexus-cipher-1.4.jar:/Users/mehedizaman/.m2/repository/org/apache/maven/shared/maven-shared-utils/3.1.0/maven-shared-utils-3.1.0.jar:/Users/mehedizaman/.m2/repository/org/apache/maven/shared/maven-shared-incremental/1.1/maven-shared-incremental-1.1.jar:/Users/mehedizaman/.m2/repository/org/ow2/asm/asm/6.0_ALPHA/asm-6.0_ALPHA.jar:/Users/mehedizaman/.m2/repository/org/codehaus/plexus/plexus-compiler-api/2.8.1/plexus-compiler-api-2.8.1.jar:/Users/mehedizaman/.m2/repository/org/codehaus/plexus/plexus-compiler-manager/2.8.1/plexus-compiler-manager-2.8.1.jar:/Users/mehedizaman/.m2/repository/org/codehaus/plexus/plexus-compiler-javac/2.8.1/plexus-compiler-javac-2.8.1.jar:"/>
    <property name="sun.cpu.endian" value="little"/>
    <property name="user.home" value="/Users/mehedizaman"/>
    <property name="user.language" value="en"/>
    <property name="java.specification.vendor" value="Oracle Corporation"/>
    <property name="java.home" value="/Library/Java/JavaVirtualMachines/zulu-8.jdk/Contents/Home/jre"/>
    <property name="basedir" value="/Users/mehedizaman/Documents/GitHub/TestWebAutomation2022"/>
    <property name="file.separator" value="/"/>
    <property name="line.separator" value="&#10;"/>
    <property name="jdk.vendor.version" value="Zulu 8.50.0.1017-CA-macos-aarch64"/>
    <property name="java.vm.specification.vendor" value="Oracle Corporation"/>
    <property name="java.specification.name" value="Java Platform API Specification"/>
    <property name="java.awt.graphicsenv" value="sun.awt.CGraphicsEnvironment"/>
    <property name="surefire.real.class.path" value="/Users/mehedizaman/Documents/GitHub/TestWebAutomation2022/target/surefire/surefirebooter7062062768497201457.jar"/>
    <property name="sun.boot.class.path" value="/Library/Java/JavaVirtualMachines/zulu-8.jdk/Contents/Home/jre/lib/resources.jar:/Library/Java/JavaVirtualMachines/zulu-8.jdk/Contents/Home/jre/lib/rt.jar:/Library/Java/JavaVirtualMachines/zulu-8.jdk/Contents/Home/jre/lib/sunrsasign.jar:/Library/Java/JavaVirtualMachines/zulu-8.jdk/Contents/Home/jre/lib/jsse.jar:/Library/Java/JavaVirtualMachines/zulu-8.jdk/Contents/Home/jre/lib/jce.jar:/Library/Java/JavaVirtualMachines/zulu-8.jdk/Contents/Home/jre/lib/charsets.jar:/Library/Java/JavaVirtualMachines/zulu-8.jdk/Contents/Home/jre/lib/jfr.jar:/Library/Java/JavaVirtualMachines/zulu-8.jdk/Contents/Home/jre/classes"/>
    <property name="sun.management.compiler" value="HotSpot 64-Bit Tiered Compilers"/>
    <property name="ftp.nonProxyHosts" value="local|*.local|169.254/16|*.169.254/16"/>
    <property name="java.runtime.version" value="1.8.0_275-b01"/>
    <property name="user.name" value="mehedizaman"/>
    <property name="path.separator" value=":"/>
    <property name="os.version" value="12.2"/>
    <property name="java.endorsed.dirs" value="/Library/Java/JavaVirtualMachines/zulu-8.jdk/Contents/Home/jre/lib/endorsed"/>
    <property name="java.runtime.name" value="OpenJDK Runtime Environment"/>
    <property name="file.encoding" value="UTF-8"/>
    <property name="java.vm.name" value="OpenJDK 64-Bit Server VM"/>
    <property name="localRepository" value="/Users/mehedizaman/.m2/repository"/>
    <property name="java.vendor.url.bug" value="http://www.azulsystems.com/support/"/>
    <property name="java.io.tmpdir" value="/var/folders/bw/j_mrwn2j4v9cfqg4z3rcl4rc0000gn/T/"/>
    <property name="java.version" value="1.8.0_275"/>
    <property name="user.dir" value="/Users/mehedizaman/Documents/GitHub/TestWebAutomation2022"/>
    <property name="os.arch" value="aarch64"/>
    <property name="java.vm.specification.name" value="Java Virtual Machine Specification"/>
    <property name="java.awt.printerjob" value="sun.lwawt.macosx.CPrinterJob"/>
    <property name="sun.os.patch.level" value="unknown"/>
    <property name="java.library.path" value="/Users/mehedizaman/Library/Java/Extensions:/Library/Java/Extensions:/Network/Library/Java/Extensions:/System/Library/Java/Extensions:/usr/lib/java:."/>
    <property name="java.vm.info" value="mixed mode"/>
    <property name="java.vendor" value="Azul Systems, Inc."/>
    <property name="java.vm.version" value="25.275-b01"/>
    <property name="java.ext.dirs" value="/Users/mehedizaman/Library/Java/Extensions:/Library/Java/JavaVirtualMachines/zulu-8.jdk/Contents/Home/jre/lib/ext:/Library/Java/Extensions:/Network/Library/Java/Extensions:/System/Library/Java/Extensions:/usr/lib/java"/>
    <property name="sun.io.unicode.encoding" value="UnicodeBig"/>
    <property name="java.class.version" value="52.0"/>
    <property name="socksNonProxyHosts" value="local|*.local|169.254/16|*.169.254/16"/>
  </properties>
  <testcase name="SearchingSongsBySongName" classname="tests.Tests_SearchSongs" time="4.956">
    <system-out><![CDATA[[TestNGContentHandler] [WARN] It is strongly recommended to add "<!DOCTYPE suite SYSTEM "http://testng.org/testng-1.0.dtd" >" at the top of your file, otherwise TestNG may fail or not work as expected.
Your search keyword is: dua lipa
The song list by song name before sorting: 
[A Gravidade Da Lua, Duj Sandale, Lil' Liza Jane, Hummani Hei Dub, Kaulana Na Pua, Mo Li Hua]
The song list by song name after sorting: 
[A Gravidade Da Lua, Duj Sandale, Hummani Hei Dub, Kaulana Na Pua, Lil' Liza Jane, Mo Li Hua]
]]></system-out>
    <system-err><![CDATA[Mar 06, 2022 12:13:00 AM org.openqa.selenium.remote.ProtocolHandshake createSession
INFO: Detected dialect: W3C
]]></system-err>
  </testcase>
  <testcase name="SearchingSongsByArtist" classname="tests.Tests_SearchSongs" time="3.162">
    <system-out><![CDATA[Your search keyword is: dua lipa
The song list by song name before sorting: 
[The Yousicians, Traditional, Traditional, Traditional, Traditional, Traditional]
The song list by song name after sorting: 
[The Yousicians, Traditional, Traditional, Traditional, Traditional, Traditional]
]]></system-out>
    <system-err><![CDATA[Mar 06, 2022 12:13:06 AM org.openqa.selenium.remote.ProtocolHandshake createSession
INFO: Detected dialect: W3C
]]></system-err>
  </testcase>
</testsuite>