<?xml version="1.0" encoding="UTF-8"?>
<!-- Generated by org.testng.reporters.JUnitReportReporter -->
<testsuite skipped="0" hostname="Mehedis-MacBook-Pro.local" name="tests.Tests_SearchSongs" tests="2" failures="0" timestamp="09 Mar 2022 03:43:47 GMT" time="21.044" errors="0">
  <testcase name="SearchingSongsBySongName" time="12.514" classname="tests.Tests_SearchSongs"/>
  <testcase name="SearchingSongsByArtist" time="8.530" classname="tests.Tests_SearchSongs"/>
</testsuite> <!-- tests.Tests_SearchSongs -->
