<?xml version="1.0" encoding="UTF-8"?>
<!-- Generated by org.testng.reporters.JUnitReportReporter -->
<testsuite skipped="0" hostname="Mehedis-MacBook-Pro.local" name="tests.Tests_SearchSongs" tests="2" failures="0" timestamp="05 Mar 2022 18:13:09 GMT" time="10.319" errors="0">
  <testcase name="SearchingSongsBySongName" time="6.176" classname="tests.Tests_SearchSongs"/>
  <testcase name="SearchingSongsByArtist" time="4.143" classname="tests.Tests_SearchSongs"/>
</testsuite> <!-- tests.Tests_SearchSongs -->
